[0m[[0m[0mdebug[0m] [0m[0m> Exec(run, Some(d0020d28-b55a-4223-bf3c-7826e5b92546), Some(CommandSource(console0)))[0m
[0m[[0m[0mdebug[0m] [0m[0mEvaluating tasks: Compile / run[0m
[0m[[0m[0mdebug[0m] [0m[0mRunning task... Cancel: Signal, check cycles: false, forcegc: true[0m
[0m[[0m[0mdebug[0m] [0m[0mRunning task... Cancel: Signal, check cycles: false, forcegc: true[0m
[0m[[0m[0mdebug[0m] [0m[0mRunning task... Cancel: Signal, check cycles: false, forcegc: true[0m
[0m[[0m[0mdebug[0m] [0m[0mExporting web-assets:play-java-hello-world-tutorial[0m
[0m[[0m[0mdebug[0m] [0m[0mRunning task... Cancel: Signal, check cycles: false, forcegc: true[0m
[0m[[0m[0mdebug[0m] [0m[0mRunning task... Cancel: Signal, check cycles: false, forcegc: true[0m
[0m[[0m[0minfo[0m] [0m[0mcompiling 1 Java source to C:\Users\visha\OneDrive\Desktop\Gitterrific_project_KPG01\Gitterrific_project_KPG01\target\scala-2.13\classes ...[0m
[0m[[0m[0minfo[0m] [0m[0mC:\Users\visha\OneDrive\Desktop\Gitterrific_project_KPG01\Gitterrific_project_KPG01\app\actors\SearchResultActor.java: SearchResultActor.java uses or overrides a deprecated API.[0m
[0m[[0m[0minfo[0m] [0m[0mC:\Users\visha\OneDrive\Desktop\Gitterrific_project_KPG01\Gitterrific_project_KPG01\app\actors\SearchResultActor.java: Recompile with -Xlint:deprecation for details.[0m
[0m[[0m[0mdebug[0m] [0m[0mRunning task... Cancel: Signal, check cycles: false, forcegc: true[0m
[0m[[0m[0mdebug[0m] [0m[0mExporting web-assets:play-java-hello-world-tutorial[0m
[0m[[0m[0mdebug[0m] [0m[0mRunning task... Cancel: Signal, check cycles: false, forcegc: true[0m
[0m[[0m[0mdebug[0m] [0m[0mRunning task... Cancel: Signal, check cycles: false, forcegc: true[0m
[0m[[0m[0minfo[0m] [0m[0mcompiling 1 Scala source and 1 Java source to C:\Users\visha\OneDrive\Desktop\Gitterrific_project_KPG01\Gitterrific_project_KPG01\target\scala-2.13\classes ...[0m
[0m[[0m[0minfo[0m] [0m[0mC:\Users\visha\OneDrive\Desktop\Gitterrific_project_KPG01\Gitterrific_project_KPG01\app\actors\SearchResultActor.java: SearchResultActor.java uses or overrides a deprecated API.[0m
[0m[[0m[0minfo[0m] [0m[0mC:\Users\visha\OneDrive\Desktop\Gitterrific_project_KPG01\Gitterrific_project_KPG01\app\actors\SearchResultActor.java: Recompile with -Xlint:deprecation for details.[0m
[0m[[0m[0minfo[0m] [0m[0mcompiling 2 Java sources to C:\Users\visha\OneDrive\Desktop\Gitterrific_project_KPG01\Gitterrific_project_KPG01\target\scala-2.13\classes ...[0m
[0m[[0m[0minfo[0m] [0m[0mC:\Users\visha\OneDrive\Desktop\Gitterrific_project_KPG01\Gitterrific_project_KPG01\app\controllers\HomeController.java: HomeController.java uses unchecked or unsafe operations.[0m
[0m[[0m[0minfo[0m] [0m[0mC:\Users\visha\OneDrive\Desktop\Gitterrific_project_KPG01\Gitterrific_project_KPG01\app\controllers\HomeController.java: Recompile with -Xlint:unchecked for details.[0m
[0m[[0m[0mdebug[0m] [0m[0mRunning task... Cancel: Signal, check cycles: false, forcegc: true[0m
[0m[[0m[0mdebug[0m] [0m[0mExporting web-assets:play-java-hello-world-tutorial[0m
[0m[[0m[0mdebug[0m] [0m[0mRunning task... Cancel: Signal, check cycles: false, forcegc: true[0m
