[0m[[0m[0mdebug[0m] [0m[0m> Exec(compile, Some(ea1f22e3-9ab5-4ce4-9e5f-9088f855cfd5), Some(CommandSource(console0)))[0m
[0m[[0m[0mdebug[0m] [0m[0mEvaluating tasks: Compile / compile[0m
[0m[[0m[0mdebug[0m] [0m[0mRunning task... Cancel: Signal, check cycles: false, forcegc: true[0m
[0m[[0m[0minfo[0m] [0m[0mcompiling 11 Scala sources and 21 Java sources to C:\Users\visha\OneDrive\Desktop\Gitterrific_project_KPG01\Gitterrific_project_KPG01\target\scala-2.13\classes ...[0m
[0m[[0m[31merror[0m] [0m[0mC:\Users\visha\OneDrive\Desktop\Gitterrific_project_KPG01\Gitterrific_project_KPG01\app\actors\SearchResultActor.java:23:1: cannot find symbol[0m
[0m[[0m[31merror[0m] [0m[0m  symbol:   class CacheManager[0m
[0m[[0m[31merror[0m] [0m[0m  location: package models[0m
[0m[[0m[31merror[0m] [0m[0mmodels.CacheManager[0m
[0m[[0m[31merror[0m] [0m[0mC:\Users\visha\OneDrive\Desktop\Gitterrific_project_KPG01\Gitterrific_project_KPG01\app\actors\SearchResultActor.java:24:1: cannot find symbol[0m
[0m[[0m[31merror[0m] [0m[0m  symbol:   class QuerySearchResult[0m
[0m[[0m[31merror[0m] [0m[0m  location: package models[0m
[0m[[0m[31merror[0m] [0m[0mmodels.QuerySearchResult[0m
[0m[[0m[31merror[0m] [0m[0mC:\Users\visha\OneDrive\Desktop\Gitterrific_project_KPG01\Gitterrific_project_KPG01\app\actors\SearchResultActor.java:29:1: cannot find symbol[0m
[0m[[0m[31merror[0m] [0m[0m  symbol:   class Searchsupervisor[0m
[0m[[0m[31merror[0m] [0m[0m  location: package actors[0m
[0m[[0m[31merror[0m] [0m[0mactors.Searchsupervisor[0m
[0m[[0m[31merror[0m] [0m[0mC:\Users\visha\OneDrive\Desktop\Gitterrific_project_KPG01\Gitterrific_project_KPG01\app\actors\SearchResultActor.java:37:1: cannot find symbol[0m
[0m[[0m[31merror[0m] [0m[0m  symbol:   class CacheManager[0m
[0m[[0m[31merror[0m] [0m[0m  location: class actors.SearchResultActor.SearchResultInfo[0m
[0m[[0m[31merror[0m] [0m[0mCacheManager[0m
[0m[[0m[31merror[0m] [0m[0mC:\Users\visha\OneDrive\Desktop\Gitterrific_project_KPG01\Gitterrific_project_KPG01\app\actors\SearchResultActor.java:39:1: cannot find symbol[0m
[0m[[0m[31merror[0m] [0m[0m  symbol:   class CacheManager[0m
[0m[[0m[31merror[0m] [0m[0m  location: class actors.SearchResultActor.SearchResultInfo[0m
[0m[[0m[31merror[0m] [0m[0mCacheManager[0m
[0m[[0m[31merror[0m] [0m[0mC:\Users\visha\OneDrive\Desktop\Gitterrific_project_KPG01\Gitterrific_project_KPG01\app\actors\SearchResultActor.java:61:1: class actors.SearchResultActor.RegisterMsg is already defined in class actors.SearchResultActor[0m
[0m[[0m[31merror[0m] [0m[0mstatic public class RegisterMsg {[0m
[0m[[0m[31merror[0m] [0m[0m[0m
[0m[[0m[31merror[0m] [0m[0m	}[0m
[0m[[0m[31merror[0m] [0m[0mC:\Users\visha\OneDrive\Desktop\Gitterrific_project_KPG01\Gitterrific_project_KPG01\app\actors\SearchResultActor.java:89:1: cannot find symbol[0m
[0m[[0m[31merror[0m] [0m[0m  symbol:   class QuerySearchResult[0m
[0m[[0m[31merror[0m] [0m[0m  location: class actors.SearchResultActor[0m
[0m[[0m[31merror[0m] [0m[0mQuerySearchResult[0m
[0m[[0m[31merror[0m] [0m[0mC:\Users\visha\OneDrive\Desktop\Gitterrific_project_KPG01\Gitterrific_project_KPG01\app\actors\SearchResultActor.java:89:1: cannot find symbol[0m
[0m[[0m[31merror[0m] [0m[0m  symbol:   class QuerySearchResult[0m
[0m[[0m[31merror[0m] [0m[0m  location: class actors.SearchResultActor[0m
[0m[[0m[31merror[0m] [0m[0mQuerySearchResult[0m
[0m[[0m[31merror[0m] [0m[0mC:\Users\visha\OneDrive\Desktop\Gitterrific_project_KPG01\Gitterrific_project_KPG01\app\actors\SearchResultActor.java:95:1: cannot find symbol[0m
[0m[[0m[31merror[0m] [0m[0m  symbol:   variable CacheManager[0m
[0m[[0m[31merror[0m] [0m[0m  location: class actors.SearchResultActor[0m
[0m[[0m[31merror[0m] [0m[0mCacheManager[0m
[0m[[0m[31merror[0m] [0m[0mC:\Users\visha\OneDrive\Desktop\Gitterrific_project_KPG01\Gitterrific_project_KPG01\app\actors\SearchResultActor.java:103:1: cannot find symbol[0m
[0m[[0m[31merror[0m] [0m[0m  symbol:   class QuerySearchResult[0m
[0m[[0m[31merror[0m] [0m[0m  location: class actors.SearchResultActor[0m
[0m[[0m[31merror[0m] [0m[0mQuerySearchResult[0m
[0m[[0m[31merror[0m] [0m[0mC:\Users\visha\OneDrive\Desktop\Gitterrific_project_KPG01\Gitterrific_project_KPG01\app\actors\SearchResultActor.java:103:1: cannot find symbol[0m
[0m[[0m[31merror[0m] [0m[0m  symbol:   class QuerySearchResult[0m
[0m[[0m[31merror[0m] [0m[0m  location: class actors.SearchResultActor[0m
[0m[[0m[31merror[0m] [0m[0mQuerySearchResult[0m
[0m[[0m[31merror[0m] [0m[0mC:\Users\visha\OneDrive\Desktop\Gitterrific_project_KPG01\Gitterrific_project_KPG01\app\actors\SearchResultActor.java:107:1: cannot find symbol[0m
[0m[[0m[31merror[0m] [0m[0m  symbol:   variable CacheManager[0m
[0m[[0m[31merror[0m] [0m[0m  location: class actors.SearchResultActor[0m
[0m[[0m[31merror[0m] [0m[0mCacheManager[0m
[0m[[0m[0minfo[0m] [0m[0mC:\Users\visha\OneDrive\Desktop\Gitterrific_project_KPG01\Gitterrific_project_KPG01\app\actors\SearchResultActor.java: SearchResultActor.java uses or overrides a deprecated API.[0m
[0m[[0m[0minfo[0m] [0m[0mC:\Users\visha\OneDrive\Desktop\Gitterrific_project_KPG01\Gitterrific_project_KPG01\app\actors\SearchResultActor.java: Recompile with -Xlint:deprecation for details.[0m
[0m[[0m[0minfo[0m] [0m[0mC:\Users\visha\OneDrive\Desktop\Gitterrific_project_KPG01\Gitterrific_project_KPG01\app\controllers\HomeController.java: HomeController.java uses unchecked or unsafe operations.[0m
[0m[[0m[0minfo[0m] [0m[0mC:\Users\visha\OneDrive\Desktop\Gitterrific_project_KPG01\Gitterrific_project_KPG01\app\controllers\HomeController.java: Recompile with -Xlint:unchecked for details.[0m
[0m[[0m[31merror[0m] [0m[0m(Compile / [31mcompileIncremental[0m) javac returned non-zero exit code[0m
[0m[[0m[31merror[0m] [0m[0mTotal time: 8 s, completed 05-Dec-2021, 7:17:13 PM[0m
[0m[[0m[0mdebug[0m] [0m[0m> Exec(shell, None, None)[0m
